{
  "stats": {
    "suites": 1,
    "tests": 1,
    "passes": 1,
    "pending": 0,
    "failures": 0,
    "start": "2025-12-03T14:59:09.497Z",
    "end": "2025-12-03T14:59:18.840Z",
    "duration": 9343,
    "testsRegistered": 1,
    "passPercent": 100,
    "pendingPercent": 0,
    "other": 0,
    "hasOther": false,
    "skipped": 0,
    "hasSkipped": false
  },
  "results": [
    {
      "uuid": "b69edf80-1495-4488-a525-9e03e9734cb8",
      "title": "",
      "fullFile": "cypress\\e2e\\productCart\\productCart.cy.js",
      "file": "cypress\\e2e\\productCart\\productCart.cy.js",
      "beforeHooks": [],
      "afterHooks": [],
      "tests": [],
      "suites": [
        {
          "uuid": "2018657f-e73d-422b-9cb5-ddfcf87f03c0",
          "title": "Product Cart",
          "fullFile": "",
          "file": "",
          "beforeHooks": [],
          "afterHooks": [],
          "tests": [
            {
              "title": "Add Products in Cart",
              "fullTitle": "Product Cart Add Products in Cart",
              "timedOut": null,
              "duration": 6970,
              "state": "passed",
              "speed": "medium",
              "pass": true,
              "fail": false,
              "pending": false,
              "context": null,
              "code": "let priceProduct1;\nlet qtdProduct1;\nlet totalProduct1;\nlet priceProduct2;\nlet qtdProduct2;\nlet totalProduct2;\ncy.url().should('eq', 'https://automationexercise.com/');\ncy.contains('a', 'Products').click();\ncy.get(':nth-child(3) > .product-image-wrapper > .single-products > .productinfo > .btn').click();\ncy.get('.modal-footer > .btn').click();\ncy.get(':nth-child(4) > .product-image-wrapper > .single-products > .productinfo > .btn').click();\ncy.contains('u', 'View Cart').click();\ncy.get('#cart_info_table tbody tr').should('have.length', 2);\ncy.get('#product-1 > .cart_price').invoke('text').then(priceText => {\n  priceProduct1 = parseInt(priceText.replace('Rs. ', '').trim());\n});\ncy.get('#product-1 > .cart_quantity > .disabled').invoke('text').then(qtdText => {\n  qtdProduct1 = parseInt(qtdText.trim());\n});\ncy.get('#product-1 > .cart_total > .cart_total_price').invoke('text').then(totalText => {\n  totalProduct1 = parseInt(totalText.replace('Rs. ', '').trim());\n  const expectTotal = priceProduct1 * qtdProduct1;\n  expect(totalProduct1).to.equal(expectTotal);\n});\ncy.get('#product-2 > .cart_price > p').invoke('text').then(priceText => {\n  priceProduct2 = parseInt(priceText.replace('Rs. ', '').trim());\n});\ncy.get('#product-2 > .cart_quantity > .disabled').invoke('text').then(qtdText => {\n  qtdProduct2 = parseInt(qtdText.trim());\n});\ncy.get('#product-2 > .cart_total > .cart_total_price').invoke('text').then(totalText => {\n  totalProduct2 = parseInt(totalText.replace('Rs. ', '').trim());\n  const expectTotal = priceProduct2 * qtdProduct2;\n  expect(totalProduct2).to.equal(expectTotal);\n});",
              "err": {},
              "uuid": "1f7517c5-de3f-4c2e-91ab-9b21c8ee5069",
              "parentUUID": "2018657f-e73d-422b-9cb5-ddfcf87f03c0",
              "isHook": false,
              "skipped": false
            }
          ],
          "suites": [],
          "passes": [
            "1f7517c5-de3f-4c2e-91ab-9b21c8ee5069"
          ],
          "failures": [],
          "pending": [],
          "skipped": [],
          "duration": 6970,
          "root": false,
          "rootEmpty": false,
          "_timeout": 2000
        }
      ],
      "passes": [],
      "failures": [],
      "pending": [],
      "skipped": [],
      "duration": 0,
      "root": true,
      "rootEmpty": true,
      "_timeout": 2000
    }
  ],
  "meta": {
    "mocha": {
      "version": "7.2.0"
    },
    "mochawesome": {
      "options": {
        "quiet": false,
        "reportFilename": "mochawesome",
        "saveHtml": false,
        "saveJson": true,
        "consoleReporter": "spec",
        "useInlineDiffs": false,
        "code": true
      },
      "version": "7.1.4"
    },
    "marge": {
      "options": {
        "reportDir": "cypress/results/json",
        "overwrite": false,
        "html": false,
        "json": true,
        "embeddedScreenshots": true,
        "charts": true
      },
      "version": "6.3.2"
    }
  }
}