{
  "stats": {
    "suites": 1,
    "tests": 1,
    "passes": 1,
    "pending": 0,
    "failures": 0,
    "start": "2025-12-03T14:59:39.979Z",
    "end": "2025-12-03T14:59:47.400Z",
    "duration": 7421,
    "testsRegistered": 1,
    "passPercent": 100,
    "pendingPercent": 0,
    "other": 0,
    "hasOther": false,
    "skipped": 0,
    "hasSkipped": false
  },
  "results": [
    {
      "uuid": "9a61bcdb-ce0a-40ce-82e9-826f75a93fb7",
      "title": "",
      "fullFile": "cypress\\e2e\\productpage\\productpage.cy.js",
      "file": "cypress\\e2e\\productpage\\productpage.cy.js",
      "beforeHooks": [],
      "afterHooks": [],
      "tests": [],
      "suites": [
        {
          "uuid": "87ad524f-1045-4452-a933-ba43f629c5bb",
          "title": "Product Page",
          "fullFile": "",
          "file": "",
          "beforeHooks": [],
          "afterHooks": [],
          "tests": [
            {
              "title": "Vefify All Products and product detail page",
              "fullTitle": "Product Page Vefify All Products and product detail page",
              "timedOut": null,
              "duration": 5256,
              "state": "passed",
              "speed": "medium",
              "pass": true,
              "fail": false,
              "pending": false,
              "context": null,
              "code": "cy.get('.shop-menu > .nav > :nth-child(1) > a').should('be.visible');\ncy.get('.shop-menu > .nav > :nth-child(2) > a').click();\ncy.url().should('eq', 'https://automationexercise.com/products');\ncy.contains('h2', 'All Products');\ncy.get('.features_items').should('be.visible');\ncy.get(':nth-child(3) > .product-image-wrapper > .choose > .nav > li > a').click();\ncy.url().should('include', 'product_details');\n//9. Verify that detail detail is visible: \n// product name, category, price, availability, condition, brand\ncy.get('.product-information > h2').should('be.visible');\ncy.get('.product-information > :nth-child(3)').should('be.visible');\ncy.get(':nth-child(5) > span').should('be.visible');\ncy.contains('.product-information', 'Category:').should('be.visible');\ncy.contains('.product-information', 'Availability:').should('be.visible');\ncy.contains('.product-information', 'Condition:').should('be.visible');\ncy.contains('.product-information', 'Brand:').should('be.visible');",
              "err": {},
              "uuid": "c2b32680-3475-4292-8379-b2f8801a85b6",
              "parentUUID": "87ad524f-1045-4452-a933-ba43f629c5bb",
              "isHook": false,
              "skipped": false
            }
          ],
          "suites": [],
          "passes": [
            "c2b32680-3475-4292-8379-b2f8801a85b6"
          ],
          "failures": [],
          "pending": [],
          "skipped": [],
          "duration": 5256,
          "root": false,
          "rootEmpty": false,
          "_timeout": 2000
        }
      ],
      "passes": [],
      "failures": [],
      "pending": [],
      "skipped": [],
      "duration": 0,
      "root": true,
      "rootEmpty": true,
      "_timeout": 2000
    }
  ],
  "meta": {
    "mocha": {
      "version": "7.2.0"
    },
    "mochawesome": {
      "options": {
        "quiet": false,
        "reportFilename": "mochawesome",
        "saveHtml": false,
        "saveJson": true,
        "consoleReporter": "spec",
        "useInlineDiffs": false,
        "code": true
      },
      "version": "7.1.4"
    },
    "marge": {
      "options": {
        "reportDir": "cypress/results/json",
        "overwrite": false,
        "html": false,
        "json": true,
        "embeddedScreenshots": true,
        "charts": true
      },
      "version": "6.3.2"
    }
  }
}