{
  "stats": {
    "suites": 1,
    "tests": 1,
    "passes": 1,
    "pending": 0,
    "failures": 0,
    "start": "2025-12-03T15:00:00.165Z",
    "end": "2025-12-03T15:00:06.370Z",
    "duration": 6205,
    "testsRegistered": 1,
    "passPercent": 100,
    "pendingPercent": 0,
    "other": 0,
    "hasOther": false,
    "skipped": 0,
    "hasSkipped": false
  },
  "results": [
    {
      "uuid": "4ad49a44-8a2b-48e7-8d7a-a4d7d89272de",
      "title": "",
      "fullFile": "cypress\\e2e\\subscription\\subscription.cy.js",
      "file": "cypress\\e2e\\subscription\\subscription.cy.js",
      "beforeHooks": [],
      "afterHooks": [],
      "tests": [],
      "suites": [
        {
          "uuid": "b90461a4-cce2-4660-b64f-74822d3276be",
          "title": "Subscription in Home Page",
          "fullFile": "",
          "file": "",
          "beforeHooks": [],
          "afterHooks": [],
          "tests": [
            {
              "title": "Verify Subscription in home page",
              "fullTitle": "Subscription in Home Page Verify Subscription in home page",
              "timedOut": null,
              "duration": 3531,
              "state": "passed",
              "speed": "fast",
              "pass": true,
              "fail": false,
              "pending": false,
              "context": null,
              "code": "cy.url().should('eq', 'https://automationexercise.com/');\ncy.scrollTo('bottom');\ncy.contains('h2', 'Subscription');\ncy.get('#susbscribe_email').type('joanhiah533@gmail.com');\ncy.get('#subscribe').click();\ncy.get('.alert-success').should('be.visible');",
              "err": {},
              "uuid": "0678a840-477d-446d-b9c0-de700e5e7205",
              "parentUUID": "b90461a4-cce2-4660-b64f-74822d3276be",
              "isHook": false,
              "skipped": false
            }
          ],
          "suites": [],
          "passes": [
            "0678a840-477d-446d-b9c0-de700e5e7205"
          ],
          "failures": [],
          "pending": [],
          "skipped": [],
          "duration": 3531,
          "root": false,
          "rootEmpty": false,
          "_timeout": 2000
        }
      ],
      "passes": [],
      "failures": [],
      "pending": [],
      "skipped": [],
      "duration": 0,
      "root": true,
      "rootEmpty": true,
      "_timeout": 2000
    }
  ],
  "meta": {
    "mocha": {
      "version": "7.2.0"
    },
    "mochawesome": {
      "options": {
        "quiet": false,
        "reportFilename": "mochawesome",
        "saveHtml": false,
        "saveJson": true,
        "consoleReporter": "spec",
        "useInlineDiffs": false,
        "code": true
      },
      "version": "7.1.4"
    },
    "marge": {
      "options": {
        "reportDir": "cypress/results/json",
        "overwrite": false,
        "html": false,
        "json": true,
        "embeddedScreenshots": true,
        "charts": true
      },
      "version": "6.3.2"
    }
  }
}