{
  "stats": {
    "suites": 1,
    "tests": 1,
    "passes": 1,
    "pending": 0,
    "failures": 0,
    "start": "2025-12-03T15:00:16.339Z",
    "end": "2025-12-03T15:00:22.980Z",
    "duration": 6641,
    "testsRegistered": 1,
    "passPercent": 100,
    "pendingPercent": 0,
    "other": 0,
    "hasOther": false,
    "skipped": 0,
    "hasSkipped": false
  },
  "results": [
    {
      "uuid": "041a565b-a12c-4ea6-87a5-cc3c77b63bd9",
      "title": "",
      "fullFile": "cypress\\e2e\\testcasepage\\testcasepage.cy.js",
      "file": "cypress\\e2e\\testcasepage\\testcasepage.cy.js",
      "beforeHooks": [],
      "afterHooks": [],
      "tests": [],
      "suites": [
        {
          "uuid": "97539d00-537f-446f-aa2a-78d46b93d6ed",
          "title": "Test Case Page",
          "fullFile": "",
          "file": "",
          "beforeHooks": [],
          "afterHooks": [],
          "tests": [
            {
              "title": "Verify  Test Cases Page",
              "fullTitle": "Test Case Page Verify  Test Cases Page",
              "timedOut": null,
              "duration": 4680,
              "state": "passed",
              "speed": "fast",
              "pass": true,
              "fail": false,
              "pending": false,
              "context": null,
              "code": "cy.url().should('eq', 'https://automationexercise.com/');\ncy.get('.shop-menu > .nav > :nth-child(5) > a').click();\ncy.contains('b', 'Test Cases');\ncy.url().should('eq', 'https://automationexercise.com/test_cases');",
              "err": {},
              "uuid": "0a640e56-7020-4a88-8b07-6d30237c3245",
              "parentUUID": "97539d00-537f-446f-aa2a-78d46b93d6ed",
              "isHook": false,
              "skipped": false
            }
          ],
          "suites": [],
          "passes": [
            "0a640e56-7020-4a88-8b07-6d30237c3245"
          ],
          "failures": [],
          "pending": [],
          "skipped": [],
          "duration": 4680,
          "root": false,
          "rootEmpty": false,
          "_timeout": 2000
        }
      ],
      "passes": [],
      "failures": [],
      "pending": [],
      "skipped": [],
      "duration": 0,
      "root": true,
      "rootEmpty": true,
      "_timeout": 2000
    }
  ],
  "meta": {
    "mocha": {
      "version": "7.2.0"
    },
    "mochawesome": {
      "options": {
        "quiet": false,
        "reportFilename": "mochawesome",
        "saveHtml": false,
        "saveJson": true,
        "consoleReporter": "spec",
        "useInlineDiffs": false,
        "code": true
      },
      "version": "7.1.4"
    },
    "marge": {
      "options": {
        "reportDir": "cypress/results/json",
        "overwrite": false,
        "html": false,
        "json": true,
        "embeddedScreenshots": true,
        "charts": true
      },
      "version": "6.3.2"
    }
  }
}