{
  "stats": {
    "suites": 1,
    "tests": 1,
    "passes": 1,
    "pending": 0,
    "failures": 0,
    "start": "2025-12-03T14:59:49.264Z",
    "end": "2025-12-03T14:59:58.151Z",
    "duration": 8887,
    "testsRegistered": 1,
    "passPercent": 100,
    "pendingPercent": 0,
    "other": 0,
    "hasOther": false,
    "skipped": 0,
    "hasSkipped": false
  },
  "results": [
    {
      "uuid": "bec4dd34-ec45-4b45-880d-5f2466bc58b7",
      "title": "",
      "fullFile": "cypress\\e2e\\searchproduct\\searchproduct.cy.js",
      "file": "cypress\\e2e\\searchproduct\\searchproduct.cy.js",
      "beforeHooks": [],
      "afterHooks": [],
      "tests": [],
      "suites": [
        {
          "uuid": "f34959a5-9cf0-4958-8486-1528e67f2441",
          "title": "Search Product",
          "fullFile": "",
          "file": "",
          "beforeHooks": [],
          "afterHooks": [],
          "tests": [
            {
              "title": "Test Search Product",
              "fullTitle": "Search Product Test Search Product",
              "timedOut": null,
              "duration": 6862,
              "state": "passed",
              "speed": "medium",
              "pass": true,
              "fail": false,
              "pending": false,
              "context": null,
              "code": "cy.url().should('eq', 'https://automationexercise.com/');\ncy.contains('a', 'Products').click();\ncy.url().should('include', '/products');\ncy.get('#search_product').type('Tshirt');\ncy.get('#submit_search').click();\ncy.contains('.productinfo', 'Tshirt').should('be.visible');\ncy.get('.productinfo').should('have.length', 6);",
              "err": {},
              "uuid": "c8d7d83f-abfd-4f90-9bdb-192f6d81e01a",
              "parentUUID": "f34959a5-9cf0-4958-8486-1528e67f2441",
              "isHook": false,
              "skipped": false
            }
          ],
          "suites": [],
          "passes": [
            "c8d7d83f-abfd-4f90-9bdb-192f6d81e01a"
          ],
          "failures": [],
          "pending": [],
          "skipped": [],
          "duration": 6862,
          "root": false,
          "rootEmpty": false,
          "_timeout": 2000
        }
      ],
      "passes": [],
      "failures": [],
      "pending": [],
      "skipped": [],
      "duration": 0,
      "root": true,
      "rootEmpty": true,
      "_timeout": 2000
    }
  ],
  "meta": {
    "mocha": {
      "version": "7.2.0"
    },
    "mochawesome": {
      "options": {
        "quiet": false,
        "reportFilename": "mochawesome",
        "saveHtml": false,
        "saveJson": true,
        "consoleReporter": "spec",
        "useInlineDiffs": false,
        "code": true
      },
      "version": "7.1.4"
    },
    "marge": {
      "options": {
        "reportDir": "cypress/results/json",
        "overwrite": false,
        "html": false,
        "json": true,
        "embeddedScreenshots": true,
        "charts": true
      },
      "version": "6.3.2"
    }
  }
}