{
  "stats": {
    "suites": 1,
    "tests": 3,
    "passes": 3,
    "pending": 0,
    "failures": 0,
    "start": "2025-12-03T14:58:15.561Z",
    "end": "2025-12-03T14:59:07.155Z",
    "duration": 51594,
    "testsRegistered": 3,
    "passPercent": 100,
    "pendingPercent": 0,
    "other": 0,
    "hasOther": false,
    "skipped": 0,
    "hasSkipped": false
  },
  "results": [
    {
      "uuid": "6f5eeaf5-af5b-418d-a424-8393c0c9e7d8",
      "title": "",
      "fullFile": "cypress\\e2e\\loginuser\\loginuser.cy.js",
      "file": "cypress\\e2e\\loginuser\\loginuser.cy.js",
      "beforeHooks": [],
      "afterHooks": [],
      "tests": [],
      "suites": [
        {
          "uuid": "7aa34599-7745-457c-81df-20e5e352d32a",
          "title": "Login user",
          "fullFile": "",
          "file": "",
          "beforeHooks": [],
          "afterHooks": [],
          "tests": [
            {
              "title": "Login User with correct email and password",
              "fullTitle": "Login user Login User with correct email and password",
              "timedOut": null,
              "duration": 21099,
              "state": "passed",
              "speed": "slow",
              "pass": true,
              "fail": false,
              "pending": false,
              "context": null,
              "code": "cy.createuser();\ncy.visit('https://automationexercise.com/');\ncy.get('.shop-menu > .nav > :nth-child(4) > a').click();\ncy.contains('h2', 'Login to your account');\ncy.get('[data-qa=\"login-email\"]').type('teste6@outlook.com'); //Precisa ter um usuário criado para testar\ncy.get('[data-qa=\"login-password\"]').type('teste');\ncy.get('[data-qa=\"login-button\"]').click();\ncy.contains('a', 'Logout');\ncy.get('.shop-menu > .nav > :nth-child(5) > a').click();\ncy.contains('b', 'Account Deleted!');",
              "err": {},
              "uuid": "7c77c4fd-f8f3-44d6-8c20-28af0ab1092c",
              "parentUUID": "7aa34599-7745-457c-81df-20e5e352d32a",
              "isHook": false,
              "skipped": false
            },
            {
              "title": "Login User with incorrect email and password",
              "fullTitle": "Login user Login User with incorrect email and password",
              "timedOut": null,
              "duration": 4499,
              "state": "passed",
              "speed": "fast",
              "pass": true,
              "fail": false,
              "pending": false,
              "context": null,
              "code": "cy.contains('a', 'Signup / Login');\ncy.get('.shop-menu > .nav > :nth-child(4) > a').click();\ncy.contains('h2', 'Login to your account');\ncy.get('[data-qa=\"login-email\"]').type('teste6@outlook.com'); //Precisa ter um usuário criado para testar\ncy.get('[data-qa=\"login-password\"]').type('wrongPassword');\ncy.get('[data-qa=\"login-button\"]').click();\ncy.contains('p', 'Your email or password is incorrect!');",
              "err": {},
              "uuid": "c2309f89-eb69-4623-b720-cc18ef8d5343",
              "parentUUID": "7aa34599-7745-457c-81df-20e5e352d32a",
              "isHook": false,
              "skipped": false
            },
            {
              "title": "Logout User",
              "fullTitle": "Login user Logout User",
              "timedOut": null,
              "duration": 23620,
              "state": "passed",
              "speed": "slow",
              "pass": true,
              "fail": false,
              "pending": false,
              "context": null,
              "code": "cy.createuser();",
              "err": {},
              "uuid": "d3257d10-9447-415e-8038-9751ca1a974a",
              "parentUUID": "7aa34599-7745-457c-81df-20e5e352d32a",
              "isHook": false,
              "skipped": false
            }
          ],
          "suites": [],
          "passes": [
            "7c77c4fd-f8f3-44d6-8c20-28af0ab1092c",
            "c2309f89-eb69-4623-b720-cc18ef8d5343",
            "d3257d10-9447-415e-8038-9751ca1a974a"
          ],
          "failures": [],
          "pending": [],
          "skipped": [],
          "duration": 49218,
          "root": false,
          "rootEmpty": false,
          "_timeout": 2000
        }
      ],
      "passes": [],
      "failures": [],
      "pending": [],
      "skipped": [],
      "duration": 0,
      "root": true,
      "rootEmpty": true,
      "_timeout": 2000
    }
  ],
  "meta": {
    "mocha": {
      "version": "7.2.0"
    },
    "mochawesome": {
      "options": {
        "quiet": false,
        "reportFilename": "mochawesome",
        "saveHtml": false,
        "saveJson": true,
        "consoleReporter": "spec",
        "useInlineDiffs": false,
        "code": true
      },
      "version": "7.1.4"
    },
    "marge": {
      "options": {
        "reportDir": "cypress/results/json",
        "overwrite": false,
        "html": false,
        "json": true,
        "embeddedScreenshots": true,
        "charts": true
      },
      "version": "6.3.2"
    }
  }
}