{
  "stats": {
    "suites": 1,
    "tests": 1,
    "passes": 1,
    "pending": 0,
    "failures": 0,
    "start": "2025-12-03T14:58:01.663Z",
    "end": "2025-12-03T14:58:13.589Z",
    "duration": 11926,
    "testsRegistered": 1,
    "passPercent": 100,
    "pendingPercent": 0,
    "other": 0,
    "hasOther": false,
    "skipped": 0,
    "hasSkipped": false
  },
  "results": [
    {
      "uuid": "8cf7e6c5-edaa-41d4-b716-6aade0ad5f79",
      "title": "",
      "fullFile": "cypress\\e2e\\contactus\\contactus.cy.js",
      "file": "cypress\\e2e\\contactus\\contactus.cy.js",
      "beforeHooks": [],
      "afterHooks": [],
      "tests": [],
      "suites": [
        {
          "uuid": "2876b1dd-93be-4462-b388-2892eb5a6c44",
          "title": "Contact Us Form",
          "fullFile": "",
          "file": "",
          "beforeHooks": [],
          "afterHooks": [],
          "tests": [
            {
              "title": "Contact Us Form",
              "fullTitle": "Contact Us Form Contact Us Form",
              "timedOut": null,
              "duration": 8625,
              "state": "passed",
              "speed": "medium",
              "pass": true,
              "fail": false,
              "pending": false,
              "context": null,
              "code": "cy.get('.shop-menu > .nav > :nth-child(1) > a').should('be.visible');\ncy.get('.shop-menu > .nav > :nth-child(8) > a').click();\ncy.get('div.contact-form > .title').should('be.visible');\ncy.get('[data-qa=\"name\"]').type(\"TestName\");\ncy.get('[data-qa=\"email\"]').type(\"test@outlook.com\");\ncy.get('[data-qa=\"subject\"]').type(\"Subkect Test\");\ncy.get('[data-qa=\"message\"]').type(\"Test message 10/10/2025\");\ncy.get(':nth-child(6) > .form-control').selectFile('cypress/fixtures/example.txt');\ncy.get('[data-qa=\"submit-button\"]').click();\ncy.get('.status').should('be.visible');\ncy.get('.nav > :nth-child(1) > a').click();\ncy.get('.shop-menu > .nav > :nth-child(1)').should('be.visible');",
              "err": {},
              "uuid": "bffcea6a-dab8-45ff-82f5-888ee4de0014",
              "parentUUID": "2876b1dd-93be-4462-b388-2892eb5a6c44",
              "isHook": false,
              "skipped": false
            }
          ],
          "suites": [],
          "passes": [
            "bffcea6a-dab8-45ff-82f5-888ee4de0014"
          ],
          "failures": [],
          "pending": [],
          "skipped": [],
          "duration": 8625,
          "root": false,
          "rootEmpty": false,
          "_timeout": 2000
        }
      ],
      "passes": [],
      "failures": [],
      "pending": [],
      "skipped": [],
      "duration": 0,
      "root": true,
      "rootEmpty": true,
      "_timeout": 2000
    }
  ],
  "meta": {
    "mocha": {
      "version": "7.2.0"
    },
    "mochawesome": {
      "options": {
        "quiet": false,
        "reportFilename": "mochawesome",
        "saveHtml": false,
        "saveJson": true,
        "consoleReporter": "spec",
        "useInlineDiffs": false,
        "code": true
      },
      "version": "7.1.4"
    },
    "marge": {
      "options": {
        "reportDir": "cypress/results/json",
        "overwrite": false,
        "html": false,
        "json": true,
        "embeddedScreenshots": true,
        "charts": true
      },
      "version": "6.3.2"
    }
  }
}