{
  "stats": {
    "suites": 9,
    "tests": 11,
    "passes": 11,
    "pending": 0,
    "failures": 0,
    "testsRegistered": 11,
    "passPercent": 100,
    "pendingPercent": 0,
    "other": 0,
    "hasOther": false,
    "skipped": 0,
    "hasSkipped": false,
    "start": "2025-12-03T14:58:01.663Z",
    "end": "2025-12-03T15:00:22.980Z",
    "duration": 141317
  },
  "results": [
    {
      "uuid": "6f5eeaf5-af5b-418d-a424-8393c0c9e7d8",
      "title": "",
      "fullFile": "cypress\\e2e\\loginuser\\loginuser.cy.js",
      "file": "cypress\\e2e\\loginuser\\loginuser.cy.js",
      "beforeHooks": [],
      "afterHooks": [],
      "tests": [],
      "suites": [
        {
          "uuid": "7aa34599-7745-457c-81df-20e5e352d32a",
          "title": "Login user",
          "fullFile": "",
          "file": "",
          "beforeHooks": [],
          "afterHooks": [],
          "tests": [
            {
              "title": "Login User with correct email and password",
              "fullTitle": "Login user Login User with correct email and password",
              "timedOut": null,
              "duration": 21099,
              "state": "passed",
              "speed": "slow",
              "pass": true,
              "fail": false,
              "pending": false,
              "context": null,
              "code": "cy.createuser();\ncy.visit('https://automationexercise.com/');\ncy.get('.shop-menu > .nav > :nth-child(4) > a').click();\ncy.contains('h2', 'Login to your account');\ncy.get('[data-qa=\"login-email\"]').type('teste6@outlook.com'); //Precisa ter um usuário criado para testar\ncy.get('[data-qa=\"login-password\"]').type('teste');\ncy.get('[data-qa=\"login-button\"]').click();\ncy.contains('a', 'Logout');\ncy.get('.shop-menu > .nav > :nth-child(5) > a').click();\ncy.contains('b', 'Account Deleted!');",
              "err": {},
              "uuid": "7c77c4fd-f8f3-44d6-8c20-28af0ab1092c",
              "parentUUID": "7aa34599-7745-457c-81df-20e5e352d32a",
              "isHook": false,
              "skipped": false
            },
            {
              "title": "Login User with incorrect email and password",
              "fullTitle": "Login user Login User with incorrect email and password",
              "timedOut": null,
              "duration": 4499,
              "state": "passed",
              "speed": "fast",
              "pass": true,
              "fail": false,
              "pending": false,
              "context": null,
              "code": "cy.contains('a', 'Signup / Login');\ncy.get('.shop-menu > .nav > :nth-child(4) > a').click();\ncy.contains('h2', 'Login to your account');\ncy.get('[data-qa=\"login-email\"]').type('teste6@outlook.com'); //Precisa ter um usuário criado para testar\ncy.get('[data-qa=\"login-password\"]').type('wrongPassword');\ncy.get('[data-qa=\"login-button\"]').click();\ncy.contains('p', 'Your email or password is incorrect!');",
              "err": {},
              "uuid": "c2309f89-eb69-4623-b720-cc18ef8d5343",
              "parentUUID": "7aa34599-7745-457c-81df-20e5e352d32a",
              "isHook": false,
              "skipped": false
            },
            {
              "title": "Logout User",
              "fullTitle": "Login user Logout User",
              "timedOut": null,
              "duration": 23620,
              "state": "passed",
              "speed": "slow",
              "pass": true,
              "fail": false,
              "pending": false,
              "context": null,
              "code": "cy.createuser();",
              "err": {},
              "uuid": "d3257d10-9447-415e-8038-9751ca1a974a",
              "parentUUID": "7aa34599-7745-457c-81df-20e5e352d32a",
              "isHook": false,
              "skipped": false
            }
          ],
          "suites": [],
          "passes": [
            "7c77c4fd-f8f3-44d6-8c20-28af0ab1092c",
            "c2309f89-eb69-4623-b720-cc18ef8d5343",
            "d3257d10-9447-415e-8038-9751ca1a974a"
          ],
          "failures": [],
          "pending": [],
          "skipped": [],
          "duration": 49218,
          "root": false,
          "rootEmpty": false,
          "_timeout": 2000
        }
      ],
      "passes": [],
      "failures": [],
      "pending": [],
      "skipped": [],
      "duration": 0,
      "root": true,
      "rootEmpty": true,
      "_timeout": 2000
    },
    {
      "uuid": "b69edf80-1495-4488-a525-9e03e9734cb8",
      "title": "",
      "fullFile": "cypress\\e2e\\productCart\\productCart.cy.js",
      "file": "cypress\\e2e\\productCart\\productCart.cy.js",
      "beforeHooks": [],
      "afterHooks": [],
      "tests": [],
      "suites": [
        {
          "uuid": "2018657f-e73d-422b-9cb5-ddfcf87f03c0",
          "title": "Product Cart",
          "fullFile": "",
          "file": "",
          "beforeHooks": [],
          "afterHooks": [],
          "tests": [
            {
              "title": "Add Products in Cart",
              "fullTitle": "Product Cart Add Products in Cart",
              "timedOut": null,
              "duration": 6970,
              "state": "passed",
              "speed": "medium",
              "pass": true,
              "fail": false,
              "pending": false,
              "context": null,
              "code": "let priceProduct1;\nlet qtdProduct1;\nlet totalProduct1;\nlet priceProduct2;\nlet qtdProduct2;\nlet totalProduct2;\ncy.url().should('eq', 'https://automationexercise.com/');\ncy.contains('a', 'Products').click();\ncy.get(':nth-child(3) > .product-image-wrapper > .single-products > .productinfo > .btn').click();\ncy.get('.modal-footer > .btn').click();\ncy.get(':nth-child(4) > .product-image-wrapper > .single-products > .productinfo > .btn').click();\ncy.contains('u', 'View Cart').click();\ncy.get('#cart_info_table tbody tr').should('have.length', 2);\ncy.get('#product-1 > .cart_price').invoke('text').then(priceText => {\n  priceProduct1 = parseInt(priceText.replace('Rs. ', '').trim());\n});\ncy.get('#product-1 > .cart_quantity > .disabled').invoke('text').then(qtdText => {\n  qtdProduct1 = parseInt(qtdText.trim());\n});\ncy.get('#product-1 > .cart_total > .cart_total_price').invoke('text').then(totalText => {\n  totalProduct1 = parseInt(totalText.replace('Rs. ', '').trim());\n  const expectTotal = priceProduct1 * qtdProduct1;\n  expect(totalProduct1).to.equal(expectTotal);\n});\ncy.get('#product-2 > .cart_price > p').invoke('text').then(priceText => {\n  priceProduct2 = parseInt(priceText.replace('Rs. ', '').trim());\n});\ncy.get('#product-2 > .cart_quantity > .disabled').invoke('text').then(qtdText => {\n  qtdProduct2 = parseInt(qtdText.trim());\n});\ncy.get('#product-2 > .cart_total > .cart_total_price').invoke('text').then(totalText => {\n  totalProduct2 = parseInt(totalText.replace('Rs. ', '').trim());\n  const expectTotal = priceProduct2 * qtdProduct2;\n  expect(totalProduct2).to.equal(expectTotal);\n});",
              "err": {},
              "uuid": "1f7517c5-de3f-4c2e-91ab-9b21c8ee5069",
              "parentUUID": "2018657f-e73d-422b-9cb5-ddfcf87f03c0",
              "isHook": false,
              "skipped": false
            }
          ],
          "suites": [],
          "passes": [
            "1f7517c5-de3f-4c2e-91ab-9b21c8ee5069"
          ],
          "failures": [],
          "pending": [],
          "skipped": [],
          "duration": 6970,
          "root": false,
          "rootEmpty": false,
          "_timeout": 2000
        }
      ],
      "passes": [],
      "failures": [],
      "pending": [],
      "skipped": [],
      "duration": 0,
      "root": true,
      "rootEmpty": true,
      "_timeout": 2000
    },
    {
      "uuid": "a981e7c2-07ff-4d06-a0c4-c17b4c9876e0",
      "title": "",
      "fullFile": "cypress\\e2e\\registeruser\\registeruser.cy.js",
      "file": "cypress\\e2e\\registeruser\\registeruser.cy.js",
      "beforeHooks": [],
      "afterHooks": [],
      "tests": [],
      "suites": [
        {
          "uuid": "dfe1d278-c8e7-4ae0-9689-5b0693237bfd",
          "title": "register user",
          "fullFile": "",
          "file": "",
          "beforeHooks": [],
          "afterHooks": [],
          "tests": [
            {
              "title": "Sign Up",
              "fullTitle": "register user Sign Up",
              "timedOut": null,
              "duration": 15241,
              "state": "passed",
              "speed": "slow",
              "pass": true,
              "fail": false,
              "pending": false,
              "context": null,
              "code": "cy.url().should('eq', 'https://automationexercise.com/');\ncy.contains('a', 'Signup / Login').click();\ncy.contains('h2', 'New User Signup!');\ncy.get('[data-qa=\"signup-name\"]').type('testname');\ncy.get('[data-qa=\"signup-email\"]').type('testname6@outlook.com');\ncy.get('[data-qa=\"signup-button\"]').click();\ncy.contains('b', 'Enter Account Information');\ncy.get('#id_gender1').click();\ncy.get('[data-qa=\"password\"]').type('testpassword');\ncy.get('[data-qa=\"days\"]').select('30');\ncy.get('[data-qa=\"months\"]').select('October');\ncy.get('[data-qa=\"years\"]').select('1998');\ncy.get('#newsletter').click();\ncy.get('#optin').click();\ncy.get('[data-qa=\"first_name\"]').type(\"First name\");\ncy.get('[data-qa=\"last_name\"]').type(\"Last name\");\ncy.get('[data-qa=\"company\"]').type(\"Company\");\ncy.get('[data-qa=\"address\"]').type(\"street addres\");\ncy.get('[data-qa=\"country\"]').select('Canada');\ncy.get('[data-qa=\"state\"]').type('Ontario');\ncy.get('[data-qa=\"city\"]').type('Toronto');\ncy.get('[data-qa=\"zipcode\"]').type('M5V 3L9');\ncy.get('[data-qa=\"mobile_number\"]').type('5516991509030');\ncy.get('[data-qa=\"create-account\"]').click();\ncy.contains('b', 'Account Created!');\ncy.get('[data-qa=\"continue-button\"]').click();\ncy.contains('a', 'Logged in as');\ncy.contains('a', 'Delete Account').click();\ncy.contains('b', 'Account Deleted!');\ncy.get('[data-qa=\"continue-button\"]').click();",
              "err": {},
              "uuid": "0603b769-3f4d-4c11-92a4-67c777b9624f",
              "parentUUID": "dfe1d278-c8e7-4ae0-9689-5b0693237bfd",
              "isHook": false,
              "skipped": false
            }
          ],
          "suites": [],
          "passes": [
            "0603b769-3f4d-4c11-92a4-67c777b9624f"
          ],
          "failures": [],
          "pending": [],
          "skipped": [],
          "duration": 15241,
          "root": false,
          "rootEmpty": false,
          "_timeout": 2000
        }
      ],
      "passes": [],
      "failures": [],
      "pending": [],
      "skipped": [],
      "duration": 0,
      "root": true,
      "rootEmpty": true,
      "_timeout": 2000
    },
    {
      "uuid": "9a61bcdb-ce0a-40ce-82e9-826f75a93fb7",
      "title": "",
      "fullFile": "cypress\\e2e\\productpage\\productpage.cy.js",
      "file": "cypress\\e2e\\productpage\\productpage.cy.js",
      "beforeHooks": [],
      "afterHooks": [],
      "tests": [],
      "suites": [
        {
          "uuid": "87ad524f-1045-4452-a933-ba43f629c5bb",
          "title": "Product Page",
          "fullFile": "",
          "file": "",
          "beforeHooks": [],
          "afterHooks": [],
          "tests": [
            {
              "title": "Vefify All Products and product detail page",
              "fullTitle": "Product Page Vefify All Products and product detail page",
              "timedOut": null,
              "duration": 5256,
              "state": "passed",
              "speed": "medium",
              "pass": true,
              "fail": false,
              "pending": false,
              "context": null,
              "code": "cy.get('.shop-menu > .nav > :nth-child(1) > a').should('be.visible');\ncy.get('.shop-menu > .nav > :nth-child(2) > a').click();\ncy.url().should('eq', 'https://automationexercise.com/products');\ncy.contains('h2', 'All Products');\ncy.get('.features_items').should('be.visible');\ncy.get(':nth-child(3) > .product-image-wrapper > .choose > .nav > li > a').click();\ncy.url().should('include', 'product_details');\n//9. Verify that detail detail is visible: \n// product name, category, price, availability, condition, brand\ncy.get('.product-information > h2').should('be.visible');\ncy.get('.product-information > :nth-child(3)').should('be.visible');\ncy.get(':nth-child(5) > span').should('be.visible');\ncy.contains('.product-information', 'Category:').should('be.visible');\ncy.contains('.product-information', 'Availability:').should('be.visible');\ncy.contains('.product-information', 'Condition:').should('be.visible');\ncy.contains('.product-information', 'Brand:').should('be.visible');",
              "err": {},
              "uuid": "c2b32680-3475-4292-8379-b2f8801a85b6",
              "parentUUID": "87ad524f-1045-4452-a933-ba43f629c5bb",
              "isHook": false,
              "skipped": false
            }
          ],
          "suites": [],
          "passes": [
            "c2b32680-3475-4292-8379-b2f8801a85b6"
          ],
          "failures": [],
          "pending": [],
          "skipped": [],
          "duration": 5256,
          "root": false,
          "rootEmpty": false,
          "_timeout": 2000
        }
      ],
      "passes": [],
      "failures": [],
      "pending": [],
      "skipped": [],
      "duration": 0,
      "root": true,
      "rootEmpty": true,
      "_timeout": 2000
    },
    {
      "uuid": "bec4dd34-ec45-4b45-880d-5f2466bc58b7",
      "title": "",
      "fullFile": "cypress\\e2e\\searchproduct\\searchproduct.cy.js",
      "file": "cypress\\e2e\\searchproduct\\searchproduct.cy.js",
      "beforeHooks": [],
      "afterHooks": [],
      "tests": [],
      "suites": [
        {
          "uuid": "f34959a5-9cf0-4958-8486-1528e67f2441",
          "title": "Search Product",
          "fullFile": "",
          "file": "",
          "beforeHooks": [],
          "afterHooks": [],
          "tests": [
            {
              "title": "Test Search Product",
              "fullTitle": "Search Product Test Search Product",
              "timedOut": null,
              "duration": 6862,
              "state": "passed",
              "speed": "medium",
              "pass": true,
              "fail": false,
              "pending": false,
              "context": null,
              "code": "cy.url().should('eq', 'https://automationexercise.com/');\ncy.contains('a', 'Products').click();\ncy.url().should('include', '/products');\ncy.get('#search_product').type('Tshirt');\ncy.get('#submit_search').click();\ncy.contains('.productinfo', 'Tshirt').should('be.visible');\ncy.get('.productinfo').should('have.length', 6);",
              "err": {},
              "uuid": "c8d7d83f-abfd-4f90-9bdb-192f6d81e01a",
              "parentUUID": "f34959a5-9cf0-4958-8486-1528e67f2441",
              "isHook": false,
              "skipped": false
            }
          ],
          "suites": [],
          "passes": [
            "c8d7d83f-abfd-4f90-9bdb-192f6d81e01a"
          ],
          "failures": [],
          "pending": [],
          "skipped": [],
          "duration": 6862,
          "root": false,
          "rootEmpty": false,
          "_timeout": 2000
        }
      ],
      "passes": [],
      "failures": [],
      "pending": [],
      "skipped": [],
      "duration": 0,
      "root": true,
      "rootEmpty": true,
      "_timeout": 2000
    },
    {
      "uuid": "4ad49a44-8a2b-48e7-8d7a-a4d7d89272de",
      "title": "",
      "fullFile": "cypress\\e2e\\subscription\\subscription.cy.js",
      "file": "cypress\\e2e\\subscription\\subscription.cy.js",
      "beforeHooks": [],
      "afterHooks": [],
      "tests": [],
      "suites": [
        {
          "uuid": "b90461a4-cce2-4660-b64f-74822d3276be",
          "title": "Subscription in Home Page",
          "fullFile": "",
          "file": "",
          "beforeHooks": [],
          "afterHooks": [],
          "tests": [
            {
              "title": "Verify Subscription in home page",
              "fullTitle": "Subscription in Home Page Verify Subscription in home page",
              "timedOut": null,
              "duration": 3531,
              "state": "passed",
              "speed": "fast",
              "pass": true,
              "fail": false,
              "pending": false,
              "context": null,
              "code": "cy.url().should('eq', 'https://automationexercise.com/');\ncy.scrollTo('bottom');\ncy.contains('h2', 'Subscription');\ncy.get('#susbscribe_email').type('joanhiah533@gmail.com');\ncy.get('#subscribe').click();\ncy.get('.alert-success').should('be.visible');",
              "err": {},
              "uuid": "0678a840-477d-446d-b9c0-de700e5e7205",
              "parentUUID": "b90461a4-cce2-4660-b64f-74822d3276be",
              "isHook": false,
              "skipped": false
            }
          ],
          "suites": [],
          "passes": [
            "0678a840-477d-446d-b9c0-de700e5e7205"
          ],
          "failures": [],
          "pending": [],
          "skipped": [],
          "duration": 3531,
          "root": false,
          "rootEmpty": false,
          "_timeout": 2000
        }
      ],
      "passes": [],
      "failures": [],
      "pending": [],
      "skipped": [],
      "duration": 0,
      "root": true,
      "rootEmpty": true,
      "_timeout": 2000
    },
    {
      "uuid": "a3f6ec2d-fcad-423a-9c8d-b1a5d275447b",
      "title": "",
      "fullFile": "cypress\\e2e\\subscriptionCartPage\\subscriptionCartPage.cy.js",
      "file": "cypress\\e2e\\subscriptionCartPage\\subscriptionCartPage.cy.js",
      "beforeHooks": [],
      "afterHooks": [],
      "tests": [],
      "suites": [
        {
          "uuid": "9c7670f2-6367-48f7-8c48-479e9cd7c545",
          "title": "Subscription Cart Page",
          "fullFile": "",
          "file": "",
          "beforeHooks": [],
          "afterHooks": [],
          "tests": [
            {
              "title": "Verify Subscription in Cart page",
              "fullTitle": "Subscription Cart Page Verify Subscription in Cart page",
              "timedOut": null,
              "duration": 4031,
              "state": "passed",
              "speed": "fast",
              "pass": true,
              "fail": false,
              "pending": false,
              "context": null,
              "code": "cy.url().should('eq', 'https://automationexercise.com/');\ncy.get('.shop-menu > .nav > :nth-child(3)').click();\ncy.scrollTo('bottom');\ncy.contains('h2', 'Subscription');\ncy.get('#susbscribe_email').type('joanhiah533@gmail.com');\ncy.get('#subscribe').click();\ncy.get('.alert-success').should('be.visible');",
              "err": {},
              "uuid": "5c48080e-a3d2-426b-9581-8d958e0cfb9e",
              "parentUUID": "9c7670f2-6367-48f7-8c48-479e9cd7c545",
              "isHook": false,
              "skipped": false
            }
          ],
          "suites": [],
          "passes": [
            "5c48080e-a3d2-426b-9581-8d958e0cfb9e"
          ],
          "failures": [],
          "pending": [],
          "skipped": [],
          "duration": 4031,
          "root": false,
          "rootEmpty": false,
          "_timeout": 2000
        }
      ],
      "passes": [],
      "failures": [],
      "pending": [],
      "skipped": [],
      "duration": 0,
      "root": true,
      "rootEmpty": true,
      "_timeout": 2000
    },
    {
      "uuid": "041a565b-a12c-4ea6-87a5-cc3c77b63bd9",
      "title": "",
      "fullFile": "cypress\\e2e\\testcasepage\\testcasepage.cy.js",
      "file": "cypress\\e2e\\testcasepage\\testcasepage.cy.js",
      "beforeHooks": [],
      "afterHooks": [],
      "tests": [],
      "suites": [
        {
          "uuid": "97539d00-537f-446f-aa2a-78d46b93d6ed",
          "title": "Test Case Page",
          "fullFile": "",
          "file": "",
          "beforeHooks": [],
          "afterHooks": [],
          "tests": [
            {
              "title": "Verify  Test Cases Page",
              "fullTitle": "Test Case Page Verify  Test Cases Page",
              "timedOut": null,
              "duration": 4680,
              "state": "passed",
              "speed": "fast",
              "pass": true,
              "fail": false,
              "pending": false,
              "context": null,
              "code": "cy.url().should('eq', 'https://automationexercise.com/');\ncy.get('.shop-menu > .nav > :nth-child(5) > a').click();\ncy.contains('b', 'Test Cases');\ncy.url().should('eq', 'https://automationexercise.com/test_cases');",
              "err": {},
              "uuid": "0a640e56-7020-4a88-8b07-6d30237c3245",
              "parentUUID": "97539d00-537f-446f-aa2a-78d46b93d6ed",
              "isHook": false,
              "skipped": false
            }
          ],
          "suites": [],
          "passes": [
            "0a640e56-7020-4a88-8b07-6d30237c3245"
          ],
          "failures": [],
          "pending": [],
          "skipped": [],
          "duration": 4680,
          "root": false,
          "rootEmpty": false,
          "_timeout": 2000
        }
      ],
      "passes": [],
      "failures": [],
      "pending": [],
      "skipped": [],
      "duration": 0,
      "root": true,
      "rootEmpty": true,
      "_timeout": 2000
    },
    {
      "uuid": "8cf7e6c5-edaa-41d4-b716-6aade0ad5f79",
      "title": "",
      "fullFile": "cypress\\e2e\\contactus\\contactus.cy.js",
      "file": "cypress\\e2e\\contactus\\contactus.cy.js",
      "beforeHooks": [],
      "afterHooks": [],
      "tests": [],
      "suites": [
        {
          "uuid": "2876b1dd-93be-4462-b388-2892eb5a6c44",
          "title": "Contact Us Form",
          "fullFile": "",
          "file": "",
          "beforeHooks": [],
          "afterHooks": [],
          "tests": [
            {
              "title": "Contact Us Form",
              "fullTitle": "Contact Us Form Contact Us Form",
              "timedOut": null,
              "duration": 8625,
              "state": "passed",
              "speed": "medium",
              "pass": true,
              "fail": false,
              "pending": false,
              "context": null,
              "code": "cy.get('.shop-menu > .nav > :nth-child(1) > a').should('be.visible');\ncy.get('.shop-menu > .nav > :nth-child(8) > a').click();\ncy.get('div.contact-form > .title').should('be.visible');\ncy.get('[data-qa=\"name\"]').type(\"TestName\");\ncy.get('[data-qa=\"email\"]').type(\"test@outlook.com\");\ncy.get('[data-qa=\"subject\"]').type(\"Subkect Test\");\ncy.get('[data-qa=\"message\"]').type(\"Test message 10/10/2025\");\ncy.get(':nth-child(6) > .form-control').selectFile('cypress/fixtures/example.txt');\ncy.get('[data-qa=\"submit-button\"]').click();\ncy.get('.status').should('be.visible');\ncy.get('.nav > :nth-child(1) > a').click();\ncy.get('.shop-menu > .nav > :nth-child(1)').should('be.visible');",
              "err": {},
              "uuid": "bffcea6a-dab8-45ff-82f5-888ee4de0014",
              "parentUUID": "2876b1dd-93be-4462-b388-2892eb5a6c44",
              "isHook": false,
              "skipped": false
            }
          ],
          "suites": [],
          "passes": [
            "bffcea6a-dab8-45ff-82f5-888ee4de0014"
          ],
          "failures": [],
          "pending": [],
          "skipped": [],
          "duration": 8625,
          "root": false,
          "rootEmpty": false,
          "_timeout": 2000
        }
      ],
      "passes": [],
      "failures": [],
      "pending": [],
      "skipped": [],
      "duration": 0,
      "root": true,
      "rootEmpty": true,
      "_timeout": 2000
    }
  ],
  "meta": {
    "mocha": {
      "version": "7.2.0"
    },
    "mochawesome": {
      "options": {
        "quiet": false,
        "reportFilename": "mochawesome",
        "saveHtml": false,
        "saveJson": true,
        "consoleReporter": "spec",
        "useInlineDiffs": false,
        "code": true
      },
      "version": "7.1.4"
    },
    "marge": {
      "options": {
        "reportDir": "cypress/results/json",
        "overwrite": false,
        "html": false,
        "json": true,
        "embeddedScreenshots": true,
        "charts": true
      },
      "version": "6.3.2"
    }
  }
}